app/build/outputs/logs/manifest-merger-debug-report.txt
-- Merging decision tree log ---
manifest
ADDED from src/main/AndroidManifest.xml:18:1-48:12
	xmlns:android
		ADDED from src/main/AndroidManifest.xml:18:11-69
	package
		ADDED from src/main/AndroidManifest.xml:19:11-45
		INJECTED from src/main/AndroidManifest.xml
		INJECTED from src/main/AndroidManifest.xml
	android:versionName
		ADDED from src/main/AndroidManifest.xml:21:11-36
		INJECTED from src/main/AndroidManifest.xml
		INJECTED from src/main/AndroidManifest.xml
	android:versionCode
		ADDED from src/main/AndroidManifest.xml:20:11-34
		INJECTED from src/main/AndroidManifest.xml
		INJECTED from src/main/AndroidManifest.xml
uses-sdk
ADDED from src/main/AndroidManifest.xml:22:5-23:46
	android:targetSdkVersion
		ADDED from src/main/AndroidManifest.xml:23:15-44
		INJECTED from src/main/AndroidManifest.xml
		INJECTED from src/main/AndroidManifest.xml
	android:minSdkVersion
		ADDED from src/main/AndroidManifest.xml:22:15-41
		INJECTED from src/main/AndroidManifest.xml
		INJECTED from src/main/AndroidManifest.xml
uses-feature#android.hardware.bluetooth_le
ADDED from src/main/AndroidManifest.xml:28:5-89
	android:required
		ADDED from src/main/AndroidManifest.xml:28:64-87
	android:name
		ADDED from src/main/AndroidManifest.xml:28:19-63
uses-permission#android.permission.BLUETOOTH
ADDED from src/main/AndroidManifest.xml:30:5-67
	android:name
		ADDED from src/main/AndroidManifest.xml:30:22-65
uses-permission#android.permission.BLUETOOTH_ADMIN
ADDED from src/main/AndroidManifest.xml:31:5-73
	android:name
		ADDED from src/main/AndroidManifest.xml:31:22-71
application
ADDED from src/main/AndroidManifest.xml:33:5-47:19
	android:label
		ADDED from src/main/AndroidManifest.xml:33:18-50
	android:icon
		ADDED from src/main/AndroidManifest.xml:34:18-49
	android:theme
		ADDED from src/main/AndroidManifest.xml:35:18-59
activity#com.hmsoft.bluetooth.le.DeviceScanActivity
ADDED from src/main/AndroidManifest.xml:36:9-43:20
	android:screenOrientation
		ADDED from src/main/AndroidManifest.xml:38:19-55
	android:label
		ADDED from src/main/AndroidManifest.xml:37:19-51
	android:name
		ADDED from src/main/AndroidManifest.xml:36:19-76
intent-filter#android.intent.action.MAIN+android.intent.category.LAUNCHER
ADDED from src/main/AndroidManifest.xml:39:13-42:29
action#android.intent.action.MAIN
ADDED from src/main/AndroidManifest.xml:40:17-68
	android:name
		ADDED from src/main/AndroidManifest.xml:40:25-66
category#android.intent.category.LAUNCHER
ADDED from src/main/AndroidManifest.xml:41:17-76
	android:name
		ADDED from src/main/AndroidManifest.xml:41:27-74
activity#com.hmsoft.bluetooth.le.DeviceControlActivity
ADDED from src/main/AndroidManifest.xml:44:9-45:51
	android:screenOrientation
		ADDED from src/main/AndroidManifest.xml:45:13-49
	android:name
		ADDED from src/main/AndroidManifest.xml:44:19-79
service#com.hmsoft.bluetooth.le.BluetoothLeService
ADDED from src/main/AndroidManifest.xml:46:9-100
	android:enabled
		ADDED from src/main/AndroidManifest.xml:46:76-98
	android:name
		ADDED from src/main/AndroidManifest.xml:46:18-75